<?xml version="1.0" encoding="UTF-8"?>
<!-- Generated by org.testng.reporters.JUnitReportReporter -->
<testsuite hostname="ravi" name="Dropdown.HandlingDropdown_1" tests="1" failures="0" timestamp="12 Apr 2022 04:58:45 GMT" time="4.008" errors="0">
  <testcase name="jspromptdemo" time="4.008" classname="Dropdown.HandlingDropdown_1"/>
</testsuite> <!-- Dropdown.HandlingDropdown_1 -->
